<?xml version="1.0" encoding="UTF-8"?>
<beans xmlns="http://www.springframework.org/schema/beans"
       xmlns:xsi="http://www.w3.org/2001/XMLSchema-instance"
       xmlns:tx="http://www.springframework.org/schema/tx"
       xmlns:p="http://www.springframework.org/schema/p"
       xmlns:mvc="http://www.springframework.org/schema/mvc"
       xmlns:context="http://www.springframework.org/schema/context"
       xsi:schemaLocation="
       http://www.springframework.org/schema/beans      http://www.springframework.org/schema/beans/spring-beans-3.2.xsd
       http://www.springframework.org/schema/mvc        http://www.springframework.org/schema/mvc/spring-mvc-3.2.xsd
       http://www.springframework.org/schema/context    http://www.springframework.org/schema/context/spring-context-3.2.xsd
       http://www.springframework.org/schema/tx         http://www.springframework.org/schema/tx/spring-tx-3.2.xsd">

	<!-- ######## configuration des annotation manager ########-->
    <context:component-scan base-package="aba.perso.couche.*"/>
    <mvc:annotation-driven/>
	
	<!-- ######## localisation de fichier de config ########-->
    <bean id="jdbcPropertyConfigurer"
          class="org.springframework.beans.factory.config.PropertyPlaceholderConfigurer"
          p:location="classpath*:confTest/jdbc.properties"/>

	<!-- ######## datasource ########-->
    <bean id="dataSource"
          class="org.springframework.jdbc.datasource.DriverManagerDataSource"
          p:driverClassName="${datasource.driverClassName.test}"
          p:url="${datasource.url.test}"
          p:username="${datasource.username.test}"
          p:password="${datasource.password.test}"/>

	<!-- ######## unite de persistance manager ########-->
    <bean id="persistenceUnitManager" class="org.springframework.orm.jpa.persistenceunit.DefaultPersistenceUnitManager">
        <property name="persistenceXmlLocations" value="classpath*:META-INF/persistence-test.xml" />
        <property name="defaultDataSource" ref="dataSource"/>
    </bean>

	<!-- ######## entity manager factory ########-->
    <bean id="entityManagerFactory" class="org.springframework.orm.jpa.LocalContainerEntityManagerFactoryBean">
        <property name="persistenceUnitManager" ref="persistenceUnitManager"/>
        <property name="persistenceUnitName"    value="abbenabbes-developpement_PU"/>
    </bean>

	<!-- ######## transaction manager ########-->
    <bean id="transactionManager" class="org.springframework.orm.jpa.JpaTransactionManager">
        <property name="entityManagerFactory" ref="entityManagerFactory"/>
    </bean>
    <tx:annotation-driven transaction-manager="transactionManager"/>

</beans>